2025-01-27 15:48:08 - #----------Config info----------#
2025-01-27 15:48:08 - network: vmunet,
2025-01-27 15:48:08 - model_config: {'num_classes': 5, 'input_channels': 12, 'depths': [2, 2, 2, 2], 'depths_decoder': [2, 2, 2, 1], 'drop_path_rate': 0.2},
2025-01-27 15:48:08 - datasets: omdena,
2025-01-27 15:48:08 - data_path: ./data/omdena/,
2025-01-27 15:48:08 - criterion: BceDiceLoss_n(
  (bce): MultiClassBCELoss(
    (bce_loss): BCEWithLogitsLoss()
  )
  (dice): MultiClassDiceLoss()
),
2025-01-27 15:48:08 - num_classes: 5,
2025-01-27 15:48:08 - input_size_h: 128,
2025-01-27 15:48:08 - input_size_w: 128,
2025-01-27 15:48:08 - input_channels: 12,
2025-01-27 15:48:08 - distributed: False,
2025-01-27 15:48:08 - local_rank: -1,
2025-01-27 15:48:08 - num_workers: 0,
2025-01-27 15:48:08 - seed: 42,
2025-01-27 15:48:08 - world_size: None,
2025-01-27 15:48:08 - rank: None,
2025-01-27 15:48:08 - amp: False,
2025-01-27 15:48:08 - gpu_id: 0,
2025-01-27 15:48:08 - batch_size: 32,
2025-01-27 15:48:08 - epochs: 3,
2025-01-27 15:48:08 - work_dir: results/vmunet_omdena_Monday_27_January_2025_15h_48m_08s/,
2025-01-27 15:48:08 - print_interval: 20,
2025-01-27 15:48:08 - val_interval: 30,
2025-01-27 15:48:08 - save_interval: 100,
2025-01-27 15:48:08 - threshold: 0.5,
2025-01-27 15:48:08 - train_transformer: Compose(
    <utils.myNormalize object at 0x7f624fb648e0>
    <utils.myToTensor object at 0x7f624fb64ca0>
    <utils.myRandomHorizontalFlip object at 0x7f624fb64eb0>
    <utils.myRandomVerticalFlip object at 0x7f624fb64f10>
    <utils.myRandomRotation object at 0x7f62485ea8b0>
    <utils.myCenterCrop object at 0x7f6248510cd0>
    <utils.myChannelPadding object at 0x7f6248510e50>
    <utils.myResize object at 0x7f6248510f10>
),
2025-01-27 15:48:08 - test_transformer: Compose(
    <utils.myNormalize object at 0x7f62484c0250>
    <utils.myToTensor object at 0x7f62484c0b50>
    <utils.myCenterCrop object at 0x7f62484c0a60>
    <utils.myChannelPadding object at 0x7f624848fb20>
    <utils.myResize object at 0x7f624848fbb0>
),
2025-01-27 15:48:08 - opt: AdamW,
2025-01-27 15:48:08 - lr: 0.001,
2025-01-27 15:48:08 - betas: (0.9, 0.999),
2025-01-27 15:48:08 - eps: 1e-08,
2025-01-27 15:48:08 - weight_decay: 0.01,
2025-01-27 15:48:08 - amsgrad: False,
2025-01-27 15:48:08 - sch: CosineAnnealingLR,
2025-01-27 15:48:08 - T_max: 50,
2025-01-27 15:48:08 - eta_min: 1e-05,
2025-01-27 15:48:08 - last_epoch: -1,
2025-01-27 15:48:13 - flops: 4.174774272, params: 22.051661, Total params: : 27.4415
2025-01-27 15:48:14 - train: epoch 1, iter:0, loss: 1.6727, lr: 0.001
2025-01-27 15:48:38 - train: epoch 1, iter:20, loss: 1.6944, lr: 0.001
2025-01-27 15:49:03 - train: epoch 1, iter:40, loss: 1.6582, lr: 0.001
2025-01-27 15:49:28 - train: epoch 1, iter:60, loss: 1.6678, lr: 0.001
2025-01-27 15:49:51 - train: epoch 1, iter:80, loss: 1.6642, lr: 0.001
2025-01-27 15:50:14 - train: epoch 1, iter:100, loss: 1.6606, lr: 0.001
2025-01-27 15:50:39 - train: epoch 1, iter:120, loss: 1.6594, lr: 0.001
