2025-01-27 12:09:36 - #----------Config info----------#
2025-01-27 12:09:36 - network: vmunet,
2025-01-27 12:09:36 - model_config: {'num_classes': 5, 'input_channels': 12, 'depths': [2, 2, 2, 2], 'depths_decoder': [2, 2, 2, 1], 'drop_path_rate': 0.2},
2025-01-27 12:09:36 - datasets: omdena,
2025-01-27 12:09:36 - data_path: ./data/omdena/,
2025-01-27 12:09:36 - criterion: BceDiceLoss(
  (bce): BCELoss(
    (bceloss): BCELoss()
  )
  (dice): DiceLoss()
),
2025-01-27 12:09:36 - num_classes: 5,
2025-01-27 12:09:36 - input_size_h: 128,
2025-01-27 12:09:36 - input_size_w: 128,
2025-01-27 12:09:36 - input_channels: 12,
2025-01-27 12:09:36 - distributed: False,
2025-01-27 12:09:36 - local_rank: -1,
2025-01-27 12:09:36 - num_workers: 0,
2025-01-27 12:09:36 - seed: 42,
2025-01-27 12:09:36 - world_size: None,
2025-01-27 12:09:36 - rank: None,
2025-01-27 12:09:36 - amp: False,
2025-01-27 12:09:36 - gpu_id: 0,
2025-01-27 12:09:36 - batch_size: 32,
2025-01-27 12:09:36 - epochs: 3,
2025-01-27 12:09:36 - work_dir: results/vmunet_omdena_Monday_27_January_2025_12h_09m_35s/,
2025-01-27 12:09:36 - print_interval: 20,
2025-01-27 12:09:36 - val_interval: 30,
2025-01-27 12:09:36 - save_interval: 100,
2025-01-27 12:09:36 - threshold: 0.5,
2025-01-27 12:09:36 - train_transformer: Compose(
    <utils.myNormalize object at 0x7fe603cef580>
    <utils.myCenterCrop object at 0x7fe603cef5e0>
    <utils.myToTensor object at 0x7fe608f64ac0>
    <utils.myRandomHorizontalFlip object at 0x7fe608f64b20>
    <utils.myRandomVerticalFlip object at 0x7fe608f648b0>
    <utils.myRandomRotation object at 0x7fe603c18bb0>
    <utils.myResize object at 0x7fe603c18f70>
),
2025-01-27 12:09:36 - test_transformer: Compose(
    <utils.myNormalize object at 0x7fe603b86730>
    <utils.myCenterCrop object at 0x7fe603b86760>
    <utils.myToTensor object at 0x7fe603bc6700>
    <utils.myResize object at 0x7fe603bc6730>
),
2025-01-27 12:09:36 - opt: AdamW,
2025-01-27 12:09:36 - lr: 0.001,
2025-01-27 12:09:36 - betas: (0.9, 0.999),
2025-01-27 12:09:36 - eps: 1e-08,
2025-01-27 12:09:36 - weight_decay: 0.01,
2025-01-27 12:09:36 - amsgrad: False,
2025-01-27 12:09:36 - sch: CosineAnnealingLR,
2025-01-27 12:09:36 - T_max: 50,
2025-01-27 12:09:36 - eta_min: 1e-05,
2025-01-27 12:09:36 - last_epoch: -1,
2025-01-27 12:09:40 - flops: 4.174774272, params: 22.051661, Total params: : 27.4415
