2025-01-27 15:10:35 - #----------Config info----------#
2025-01-27 15:10:35 - network: vmunet,
2025-01-27 15:10:35 - model_config: {'num_classes': 5, 'input_channels': 12, 'depths': [2, 2, 2, 2], 'depths_decoder': [2, 2, 2, 1], 'drop_path_rate': 0.2},
2025-01-27 15:10:35 - datasets: omdena,
2025-01-27 15:10:35 - data_path: ./data/omdena/,
2025-01-27 15:10:35 - criterion: BceDiceLoss(
  (bce): BCELoss(
    (bceloss): BCELoss()
  )
  (dice): DiceLoss()
),
2025-01-27 15:10:35 - num_classes: 5,
2025-01-27 15:10:35 - input_size_h: 128,
2025-01-27 15:10:35 - input_size_w: 128,
2025-01-27 15:10:35 - input_channels: 12,
2025-01-27 15:10:35 - distributed: False,
2025-01-27 15:10:35 - local_rank: -1,
2025-01-27 15:10:35 - num_workers: 0,
2025-01-27 15:10:35 - seed: 42,
2025-01-27 15:10:35 - world_size: None,
2025-01-27 15:10:35 - rank: None,
2025-01-27 15:10:35 - amp: False,
2025-01-27 15:10:35 - gpu_id: 0,
2025-01-27 15:10:35 - batch_size: 32,
2025-01-27 15:10:35 - epochs: 3,
2025-01-27 15:10:35 - work_dir: results/vmunet_omdena_Monday_27_January_2025_15h_10m_35s/,
2025-01-27 15:10:35 - print_interval: 20,
2025-01-27 15:10:35 - val_interval: 30,
2025-01-27 15:10:35 - save_interval: 100,
2025-01-27 15:10:35 - threshold: 0.5,
2025-01-27 15:10:35 - train_transformer: Compose(
    <utils.myNormalize object at 0x7f5c37550ca0>
    <utils.myToTensor object at 0x7f5c37550e20>
    <utils.myRandomHorizontalFlip object at 0x7f5c37550880>
    <utils.myRandomVerticalFlip object at 0x7f5c32215d60>
    <utils.myRandomRotation object at 0x7f5c32215bb0>
    <utils.myCenterCrop object at 0x7f5c322ef700>
    <utils.myChannelPadding object at 0x7f5c322ef760>
    <utils.myResize object at 0x7f5c321c4130>
),
2025-01-27 15:10:35 - test_transformer: Compose(
    <utils.myNormalize object at 0x7f5c321c4a30>
    <utils.myToTensor object at 0x7f5c32184850>
    <utils.myCenterCrop object at 0x7f5c321848b0>
    <utils.myChannelPadding object at 0x7f5c32184910>
    <utils.myResize object at 0x7f5c32184970>
),
2025-01-27 15:10:35 - opt: AdamW,
2025-01-27 15:10:35 - lr: 0.001,
2025-01-27 15:10:35 - betas: (0.9, 0.999),
2025-01-27 15:10:35 - eps: 1e-08,
2025-01-27 15:10:35 - weight_decay: 0.01,
2025-01-27 15:10:35 - amsgrad: False,
2025-01-27 15:10:35 - sch: CosineAnnealingLR,
2025-01-27 15:10:35 - T_max: 50,
2025-01-27 15:10:35 - eta_min: 1e-05,
2025-01-27 15:10:35 - last_epoch: -1,
2025-01-27 15:10:41 - flops: 4.174774272, params: 22.051661, Total params: : 27.4415
