2025-01-26 01:02:25 - #----------Config info----------#
2025-01-26 01:02:25 - network: vmunet,
2025-01-26 01:02:25 - model_config: {'num_classes': 5, 'input_channels': 12, 'depths': [2, 2, 2, 2], 'depths_decoder': [2, 2, 2, 1], 'drop_path_rate': 0.2, 'load_ckpt_path': './pre_trained_weights/vmamba_small_e238_ema.pth'},
2025-01-26 01:02:25 - datasets: omdena,
2025-01-26 01:02:25 - data_path: ./data/omdena/,
2025-01-26 01:02:25 - criterion: BceDiceLoss(
  (bce): BCELoss(
    (bceloss): BCELoss()
  )
  (dice): DiceLoss()
),
2025-01-26 01:02:25 - pretrained_path: ./pre_trained/,
2025-01-26 01:02:25 - num_classes: 5,
2025-01-26 01:02:25 - input_size_h: 128,
2025-01-26 01:02:25 - input_size_w: 128,
2025-01-26 01:02:25 - input_channels: 12,
2025-01-26 01:02:25 - distributed: False,
2025-01-26 01:02:25 - local_rank: -1,
2025-01-26 01:02:25 - num_workers: 0,
2025-01-26 01:02:25 - seed: 42,
2025-01-26 01:02:25 - world_size: None,
2025-01-26 01:02:25 - rank: None,
2025-01-26 01:02:25 - amp: False,
2025-01-26 01:02:25 - gpu_id: 0,
2025-01-26 01:02:25 - batch_size: 32,
2025-01-26 01:02:25 - epochs: 3,
2025-01-26 01:02:25 - work_dir: results/vmunet_omdena_Sunday_26_January_2025_01h_02m_25s/,
2025-01-26 01:02:25 - print_interval: 20,
2025-01-26 01:02:25 - val_interval: 30,
2025-01-26 01:02:25 - save_interval: 100,
2025-01-26 01:02:25 - threshold: 0.5,
2025-01-26 01:02:25 - train_transformer: Compose(
    <utils.myNormalize object at 0x7f144e110a90>
    <utils.myToTensor object at 0x7f144e110ac0>
    <utils.myRandomHorizontalFlip object at 0x7f1444ba88e0>
    <utils.myRandomVerticalFlip object at 0x7f1444ba8940>
    <utils.myRandomRotation object at 0x7f1444ba89a0>
    <utils.myResize object at 0x7f1444b42f70>
),
2025-01-26 01:02:25 - test_transformer: Compose(
    <utils.myNormalize object at 0x7f1444b58c40>
    <utils.myToTensor object at 0x7f1444b58bb0>
    <utils.myResize object at 0x7f1444b58ac0>
),
2025-01-26 01:02:25 - opt: AdamW,
2025-01-26 01:02:25 - lr: 0.001,
2025-01-26 01:02:25 - betas: (0.9, 0.999),
2025-01-26 01:02:25 - eps: 1e-08,
2025-01-26 01:02:25 - weight_decay: 0.01,
2025-01-26 01:02:25 - amsgrad: False,
2025-01-26 01:02:25 - sch: CosineAnnealingLR,
2025-01-26 01:02:25 - T_max: 50,
2025-01-26 01:02:25 - eta_min: 1e-05,
2025-01-26 01:02:25 - last_epoch: -1,
