2025-01-27 00:58:33 - #----------Config info----------#
2025-01-27 00:58:33 - network: vmunet,
2025-01-27 00:58:33 - model_config: {'num_classes': 5, 'input_channels': 19, 'depths': [2, 2, 2, 2], 'depths_decoder': [2, 2, 2, 1], 'drop_path_rate': 0.2},
2025-01-27 00:58:33 - datasets: omdena,
2025-01-27 00:58:33 - data_path: ./data/omdena/,
2025-01-27 00:58:33 - criterion: BceDiceLoss(
  (bce): BCELoss(
    (bceloss): BCELoss()
  )
  (dice): DiceLoss()
),
2025-01-27 00:58:33 - num_classes: 5,
2025-01-27 00:58:33 - input_size_h: 128,
2025-01-27 00:58:33 - input_size_w: 128,
2025-01-27 00:58:33 - input_channels: 19,
2025-01-27 00:58:33 - distributed: False,
2025-01-27 00:58:33 - local_rank: -1,
2025-01-27 00:58:33 - num_workers: 0,
2025-01-27 00:58:33 - seed: 42,
2025-01-27 00:58:33 - world_size: None,
2025-01-27 00:58:33 - rank: None,
2025-01-27 00:58:33 - amp: False,
2025-01-27 00:58:33 - gpu_id: 0,
2025-01-27 00:58:33 - batch_size: 32,
2025-01-27 00:58:33 - epochs: 3,
2025-01-27 00:58:33 - work_dir: results/vmunet_omdena_Monday_27_January_2025_00h_58m_33s/,
2025-01-27 00:58:33 - print_interval: 20,
2025-01-27 00:58:33 - val_interval: 30,
2025-01-27 00:58:33 - save_interval: 100,
2025-01-27 00:58:33 - threshold: 0.5,
2025-01-27 00:58:33 - train_transformer: Compose(
    <utils.myNormalize object at 0x7f405c150790>
    <utils.myToTensor object at 0x7f405c1507c0>
    <utils.myRandomHorizontalFlip object at 0x7f4056c2e520>
    <utils.myRandomVerticalFlip object at 0x7f4056c2e580>
    <utils.myRandomRotation object at 0x7f4056c2e5e0>
    <utils.myResize object at 0x7f4054b47bb0>
),
2025-01-27 00:58:33 - test_transformer: Compose(
    <utils.myNormalize object at 0x7f4054abf880>
    <utils.myToTensor object at 0x7f4054abf7f0>
    <utils.myResize object at 0x7f4054abf700>
),
2025-01-27 00:58:33 - opt: AdamW,
2025-01-27 00:58:33 - lr: 0.001,
2025-01-27 00:58:33 - betas: (0.9, 0.999),
2025-01-27 00:58:33 - eps: 1e-08,
2025-01-27 00:58:33 - weight_decay: 0.01,
2025-01-27 00:58:33 - amsgrad: False,
2025-01-27 00:58:33 - sch: CosineAnnealingLR,
2025-01-27 00:58:33 - T_max: 50,
2025-01-27 00:58:33 - eta_min: 1e-05,
2025-01-27 00:58:33 - last_epoch: -1,
2025-01-27 00:58:44 - flops: 64.891650048, params: 350.795045, Total params: : 409.8450
