2025-01-27 15:16:48 - #----------Config info----------#
2025-01-27 15:16:48 - network: vmunet,
2025-01-27 15:16:48 - model_config: {'num_classes': 5, 'input_channels': 12, 'depths': [2, 2, 2, 2], 'depths_decoder': [2, 2, 2, 1], 'drop_path_rate': 0.2},
2025-01-27 15:16:48 - datasets: omdena,
2025-01-27 15:16:48 - data_path: ./data/omdena/,
2025-01-27 15:16:48 - criterion: BceDiceLoss(
  (bce): BCELoss(
    (bceloss): BCELoss()
  )
  (dice): DiceLoss()
),
2025-01-27 15:16:48 - num_classes: 5,
2025-01-27 15:16:48 - input_size_h: 128,
2025-01-27 15:16:48 - input_size_w: 128,
2025-01-27 15:16:48 - input_channels: 12,
2025-01-27 15:16:48 - distributed: False,
2025-01-27 15:16:48 - local_rank: -1,
2025-01-27 15:16:48 - num_workers: 0,
2025-01-27 15:16:48 - seed: 42,
2025-01-27 15:16:48 - world_size: None,
2025-01-27 15:16:48 - rank: None,
2025-01-27 15:16:48 - amp: False,
2025-01-27 15:16:48 - gpu_id: 0,
2025-01-27 15:16:48 - batch_size: 32,
2025-01-27 15:16:48 - epochs: 3,
2025-01-27 15:16:48 - work_dir: results/vmunet_omdena_Monday_27_January_2025_15h_16m_47s/,
2025-01-27 15:16:48 - print_interval: 20,
2025-01-27 15:16:48 - val_interval: 30,
2025-01-27 15:16:48 - save_interval: 100,
2025-01-27 15:16:48 - threshold: 0.5,
2025-01-27 15:16:48 - train_transformer: Compose(
    <utils.myNormalize object at 0x7f0d8974fdc0>
    <utils.myToTensor object at 0x7f0d8974fe20>
    <utils.myRandomHorizontalFlip object at 0x7f0d8974fe80>
    <utils.myRandomVerticalFlip object at 0x7f0d844ed760>
    <utils.myRandomRotation object at 0x7f0d844ed7c0>
    <utils.myCenterCrop object at 0x7f0d84414e50>
    <utils.myChannelPadding object at 0x7f0d84414d90>
    <utils.myResize object at 0x7f0d843c3190>
),
2025-01-27 15:16:48 - test_transformer: Compose(
    <utils.myNormalize object at 0x7f0d843c3910>
    <utils.myToTensor object at 0x7f0d843838b0>
    <utils.myCenterCrop object at 0x7f0d84383910>
    <utils.myChannelPadding object at 0x7f0d84383970>
    <utils.myResize object at 0x7f0d843839d0>
),
2025-01-27 15:16:48 - opt: AdamW,
2025-01-27 15:16:48 - lr: 0.001,
2025-01-27 15:16:48 - betas: (0.9, 0.999),
2025-01-27 15:16:48 - eps: 1e-08,
2025-01-27 15:16:48 - weight_decay: 0.01,
2025-01-27 15:16:48 - amsgrad: False,
2025-01-27 15:16:48 - sch: CosineAnnealingLR,
2025-01-27 15:16:48 - T_max: 50,
2025-01-27 15:16:48 - eta_min: 1e-05,
2025-01-27 15:16:48 - last_epoch: -1,
2025-01-27 15:16:52 - flops: 4.174774272, params: 22.051661, Total params: : 27.4415
