2025-01-27 12:21:45 - #----------Config info----------#
2025-01-27 12:21:45 - network: vmunet,
2025-01-27 12:21:45 - model_config: {'num_classes': 5, 'input_channels': 12, 'depths': [2, 2, 2, 2], 'depths_decoder': [2, 2, 2, 1], 'drop_path_rate': 0.2},
2025-01-27 12:21:45 - datasets: omdena,
2025-01-27 12:21:45 - data_path: ./data/omdena/,
2025-01-27 12:21:45 - criterion: BceDiceLoss(
  (bce): BCELoss(
    (bceloss): BCELoss()
  )
  (dice): DiceLoss()
),
2025-01-27 12:21:45 - num_classes: 5,
2025-01-27 12:21:45 - input_size_h: 128,
2025-01-27 12:21:45 - input_size_w: 128,
2025-01-27 12:21:45 - input_channels: 12,
2025-01-27 12:21:45 - distributed: False,
2025-01-27 12:21:45 - local_rank: -1,
2025-01-27 12:21:45 - num_workers: 0,
2025-01-27 12:21:45 - seed: 42,
2025-01-27 12:21:45 - world_size: None,
2025-01-27 12:21:45 - rank: None,
2025-01-27 12:21:45 - amp: False,
2025-01-27 12:21:45 - gpu_id: 0,
2025-01-27 12:21:45 - batch_size: 32,
2025-01-27 12:21:45 - epochs: 3,
2025-01-27 12:21:45 - work_dir: results/vmunet_omdena_Monday_27_January_2025_12h_21m_45s/,
2025-01-27 12:21:45 - print_interval: 20,
2025-01-27 12:21:45 - val_interval: 30,
2025-01-27 12:21:45 - save_interval: 100,
2025-01-27 12:21:45 - threshold: 0.5,
2025-01-27 12:21:45 - train_transformer: Compose(
    <utils.myNormalize object at 0x7fd8d542f610>
    <utils.myToTensor object at 0x7fd8d542f670>
    <utils.myRandomHorizontalFlip object at 0x7fd8d542f6a0>
    <utils.myRandomVerticalFlip object at 0x7fd8da94f820>
    <utils.myRandomRotation object at 0x7fd8da94f610>
    <utils.myResize object at 0x7fd8d3347c40>
),
2025-01-27 12:21:45 - test_transformer: Compose(
    <utils.myNormalize object at 0x7fd8d3379940>
    <utils.myToTensor object at 0x7fd8d33798b0>
    <utils.myResize object at 0x7fd8d33797f0>
),
2025-01-27 12:21:45 - opt: AdamW,
2025-01-27 12:21:45 - lr: 0.001,
2025-01-27 12:21:45 - betas: (0.9, 0.999),
2025-01-27 12:21:45 - eps: 1e-08,
2025-01-27 12:21:45 - weight_decay: 0.01,
2025-01-27 12:21:45 - amsgrad: False,
2025-01-27 12:21:45 - sch: CosineAnnealingLR,
2025-01-27 12:21:45 - T_max: 50,
2025-01-27 12:21:45 - eta_min: 1e-05,
2025-01-27 12:21:45 - last_epoch: -1,
2025-01-27 12:21:50 - flops: 4.174774272, params: 22.051661, Total params: : 27.4415
