2025-01-27 12:11:41 - #----------Config info----------#
2025-01-27 12:11:41 - network: vmunet,
2025-01-27 12:11:41 - model_config: {'num_classes': 5, 'input_channels': 12, 'depths': [2, 2, 2, 2], 'depths_decoder': [2, 2, 2, 1], 'drop_path_rate': 0.2},
2025-01-27 12:11:41 - datasets: omdena,
2025-01-27 12:11:41 - data_path: ./data/omdena/,
2025-01-27 12:11:41 - criterion: BceDiceLoss(
  (bce): BCELoss(
    (bceloss): BCELoss()
  )
  (dice): DiceLoss()
),
2025-01-27 12:11:41 - num_classes: 5,
2025-01-27 12:11:41 - input_size_h: 128,
2025-01-27 12:11:41 - input_size_w: 128,
2025-01-27 12:11:41 - input_channels: 12,
2025-01-27 12:11:41 - distributed: False,
2025-01-27 12:11:41 - local_rank: -1,
2025-01-27 12:11:41 - num_workers: 0,
2025-01-27 12:11:41 - seed: 42,
2025-01-27 12:11:41 - world_size: None,
2025-01-27 12:11:41 - rank: None,
2025-01-27 12:11:41 - amp: False,
2025-01-27 12:11:41 - gpu_id: 0,
2025-01-27 12:11:41 - batch_size: 32,
2025-01-27 12:11:41 - epochs: 3,
2025-01-27 12:11:41 - work_dir: results/vmunet_omdena_Monday_27_January_2025_12h_11m_41s/,
2025-01-27 12:11:41 - print_interval: 20,
2025-01-27 12:11:41 - val_interval: 30,
2025-01-27 12:11:41 - save_interval: 100,
2025-01-27 12:11:41 - threshold: 0.5,
2025-01-27 12:11:41 - train_transformer: Compose(
    <utils.myNormalize object at 0x7f690274fac0>
    <utils.myCenterCrop object at 0x7f690274fb80>
    <utils.myToTensor object at 0x7f68fd4ee580>
    <utils.myRandomHorizontalFlip object at 0x7f68fd4ee5b0>
    <utils.myRandomVerticalFlip object at 0x7f68fd4ee610>
    <utils.myRandomRotation object at 0x7f68fd417be0>
    <utils.myResize object at 0x7f68fd417a30>
),
2025-01-27 12:11:41 - test_transformer: Compose(
    <utils.myNormalize object at 0x7f68fd385820>
    <utils.myCenterCrop object at 0x7f68fd385760>
    <utils.myToTensor object at 0x7f68fd3db700>
    <utils.myResize object at 0x7f68fd3db730>
),
2025-01-27 12:11:41 - opt: AdamW,
2025-01-27 12:11:41 - lr: 0.001,
2025-01-27 12:11:41 - betas: (0.9, 0.999),
2025-01-27 12:11:41 - eps: 1e-08,
2025-01-27 12:11:41 - weight_decay: 0.01,
2025-01-27 12:11:41 - amsgrad: False,
2025-01-27 12:11:41 - sch: CosineAnnealingLR,
2025-01-27 12:11:41 - T_max: 50,
2025-01-27 12:11:41 - eta_min: 1e-05,
2025-01-27 12:11:41 - last_epoch: -1,
2025-01-27 12:11:45 - flops: 4.174774272, params: 22.051661, Total params: : 27.4415
