2025-01-26 17:17:21 - #----------Config info----------#
2025-01-26 17:17:21 - network: vmunet,
2025-01-26 17:17:21 - model_config: {'num_classes': 5, 'input_channels': 12, 'depths': [2, 2, 2, 2], 'depths_decoder': [2, 2, 2, 1], 'drop_path_rate': 0.2},
2025-01-26 17:17:21 - datasets: omdena,
2025-01-26 17:17:21 - data_path: ./data/omdena/,
2025-01-26 17:17:21 - criterion: BceDiceLoss(
  (bce): BCELoss(
    (bceloss): BCELoss()
  )
  (dice): DiceLoss()
),
2025-01-26 17:17:21 - num_classes: 5,
2025-01-26 17:17:21 - input_size_h: 128,
2025-01-26 17:17:21 - input_size_w: 128,
2025-01-26 17:17:21 - input_channels: 12,
2025-01-26 17:17:21 - distributed: False,
2025-01-26 17:17:21 - local_rank: -1,
2025-01-26 17:17:21 - num_workers: 0,
2025-01-26 17:17:22 - seed: 42,
2025-01-26 17:17:22 - world_size: None,
2025-01-26 17:17:22 - rank: None,
2025-01-26 17:17:22 - amp: False,
2025-01-26 17:17:22 - gpu_id: 0,
2025-01-26 17:17:22 - batch_size: 32,
2025-01-26 17:17:22 - epochs: 3,
2025-01-26 17:17:22 - work_dir: results/vmunet_omdena_Sunday_26_January_2025_17h_17m_21s/,
2025-01-26 17:17:22 - print_interval: 20,
2025-01-26 17:17:22 - val_interval: 30,
2025-01-26 17:17:22 - save_interval: 100,
2025-01-26 17:17:22 - threshold: 0.5,
2025-01-26 17:17:22 - train_transformer: Compose(
    <utils.myNormalize object at 0x7fa0376fea00>
    <utils.myToTensor object at 0x7fa0376fea30>
    <utils.myRandomHorizontalFlip object at 0x7fa030168850>
    <utils.myRandomVerticalFlip object at 0x7fa0301688b0>
    <utils.myRandomRotation object at 0x7fa030168910>
    <utils.myResize object at 0x7fa030103ee0>
),
2025-01-26 17:17:22 - test_transformer: Compose(
    <utils.myNormalize object at 0x7fa030119bb0>
    <utils.myToTensor object at 0x7fa030119b20>
    <utils.myResize object at 0x7fa030119a30>
),
2025-01-26 17:17:22 - opt: AdamW,
2025-01-26 17:17:22 - lr: 0.001,
2025-01-26 17:17:22 - betas: (0.9, 0.999),
2025-01-26 17:17:22 - eps: 1e-08,
2025-01-26 17:17:22 - weight_decay: 0.01,
2025-01-26 17:17:22 - amsgrad: False,
2025-01-26 17:17:22 - sch: CosineAnnealingLR,
2025-01-26 17:17:22 - T_max: 50,
2025-01-26 17:17:22 - eta_min: 1e-05,
2025-01-26 17:17:22 - last_epoch: -1,
