2025-01-26 14:40:42 - #----------Config info----------#
2025-01-26 14:40:42 - network: vmunet,
2025-01-26 14:40:42 - model_config: {'num_classes': 5, 'input_channels': 12, 'depths': [2, 2, 2, 2], 'depths_decoder': [2, 2, 2, 1], 'drop_path_rate': 0.2, 'load_ckpt_path': './pre_trained_weights/vmamba_small_e238_ema.pth'},
2025-01-26 14:40:42 - datasets: omdena,
2025-01-26 14:40:42 - data_path: ./data/omdena/,
2025-01-26 14:40:42 - criterion: BceDiceLoss(
  (bce): BCELoss(
    (bceloss): BCELoss()
  )
  (dice): DiceLoss()
),
2025-01-26 14:40:42 - pretrained_path: ./pre_trained/,
2025-01-26 14:40:42 - num_classes: 5,
2025-01-26 14:40:42 - input_size_h: 128,
2025-01-26 14:40:42 - input_size_w: 128,
2025-01-26 14:40:42 - input_channels: 12,
2025-01-26 14:40:42 - distributed: False,
2025-01-26 14:40:42 - local_rank: -1,
2025-01-26 14:40:42 - num_workers: 0,
2025-01-26 14:40:42 - seed: 42,
2025-01-26 14:40:42 - world_size: None,
2025-01-26 14:40:42 - rank: None,
2025-01-26 14:40:42 - amp: False,
2025-01-26 14:40:42 - gpu_id: 0,
2025-01-26 14:40:42 - batch_size: 32,
2025-01-26 14:40:42 - epochs: 3,
2025-01-26 14:40:42 - work_dir: results/vmunet_omdena_Sunday_26_January_2025_14h_40m_42s/,
2025-01-26 14:40:42 - print_interval: 20,
2025-01-26 14:40:42 - val_interval: 30,
2025-01-26 14:40:42 - save_interval: 100,
2025-01-26 14:40:42 - threshold: 0.5,
2025-01-26 14:40:42 - train_transformer: Compose(
    <utils.myNormalize object at 0x7f1d24b11b50>
    <utils.myToTensor object at 0x7f1d24b11b80>
    <utils.myRandomHorizontalFlip object at 0x7f1d1d5a89a0>
    <utils.myRandomVerticalFlip object at 0x7f1d1d5a8a00>
    <utils.myRandomRotation object at 0x7f1d1d5a8a60>
    <utils.myResize object at 0x7f1d1d5580a0>
),
2025-01-26 14:40:42 - test_transformer: Compose(
    <utils.myNormalize object at 0x7f1d1d558d00>
    <utils.myToTensor object at 0x7f1d1d558c70>
    <utils.myResize object at 0x7f1d1d558b80>
),
2025-01-26 14:40:42 - opt: AdamW,
2025-01-26 14:40:42 - lr: 0.001,
2025-01-26 14:40:42 - betas: (0.9, 0.999),
2025-01-26 14:40:42 - eps: 1e-08,
2025-01-26 14:40:42 - weight_decay: 0.01,
2025-01-26 14:40:42 - amsgrad: False,
2025-01-26 14:40:42 - sch: CosineAnnealingLR,
2025-01-26 14:40:42 - T_max: 50,
2025-01-26 14:40:42 - eta_min: 1e-05,
2025-01-26 14:40:42 - last_epoch: -1,
