2025-01-27 00:47:38 - #----------Config info----------#
2025-01-27 00:47:38 - network: vmunet,
2025-01-27 00:47:38 - model_config: {'num_classes': 5, 'input_channels': 19, 'depths': [2, 2, 2, 2], 'depths_decoder': [2, 2, 2, 1], 'drop_path_rate': 0.2},
2025-01-27 00:47:38 - datasets: omdena,
2025-01-27 00:47:38 - data_path: ./data/omdena/,
2025-01-27 00:47:38 - criterion: BceDiceLoss(
  (bce): BCELoss(
    (bceloss): BCELoss()
  )
  (dice): DiceLoss()
),
2025-01-27 00:47:38 - num_classes: 5,
2025-01-27 00:47:38 - input_size_h: 128,
2025-01-27 00:47:38 - input_size_w: 128,
2025-01-27 00:47:38 - input_channels: 19,
2025-01-27 00:47:38 - distributed: False,
2025-01-27 00:47:38 - local_rank: -1,
2025-01-27 00:47:38 - num_workers: 0,
2025-01-27 00:47:38 - seed: 42,
2025-01-27 00:47:38 - world_size: None,
2025-01-27 00:47:38 - rank: None,
2025-01-27 00:47:38 - amp: False,
2025-01-27 00:47:38 - gpu_id: 0,
2025-01-27 00:47:38 - batch_size: 32,
2025-01-27 00:47:38 - epochs: 3,
2025-01-27 00:47:38 - work_dir: results/vmunet_omdena_Monday_27_January_2025_00h_47m_38s/,
2025-01-27 00:47:38 - print_interval: 20,
2025-01-27 00:47:38 - val_interval: 30,
2025-01-27 00:47:38 - save_interval: 100,
2025-01-27 00:47:38 - threshold: 0.5,
2025-01-27 00:47:38 - train_transformer: Compose(
    <utils.myNormalize object at 0x7f5ed0354580>
    <utils.myToTensor object at 0x7f5ed03545b0>
    <utils.myRandomHorizontalFlip object at 0x7f5ecae2f310>
    <utils.myRandomVerticalFlip object at 0x7f5ecae2f370>
    <utils.myRandomRotation object at 0x7f5ecae2f3d0>
    <utils.myResize object at 0x7f5ec8d559a0>
),
2025-01-27 00:47:38 - test_transformer: Compose(
    <utils.myNormalize object at 0x7f5ec8cfb670>
    <utils.myToTensor object at 0x7f5ec8cfb5e0>
    <utils.myResize object at 0x7f5ec8cfb4f0>
),
2025-01-27 00:47:38 - opt: AdamW,
2025-01-27 00:47:38 - lr: 0.001,
2025-01-27 00:47:38 - betas: (0.9, 0.999),
2025-01-27 00:47:38 - eps: 1e-08,
2025-01-27 00:47:38 - weight_decay: 0.01,
2025-01-27 00:47:38 - amsgrad: False,
2025-01-27 00:47:38 - sch: CosineAnnealingLR,
2025-01-27 00:47:38 - T_max: 50,
2025-01-27 00:47:38 - eta_min: 1e-05,
2025-01-27 00:47:38 - last_epoch: -1,
