2025-01-27 01:50:12 - #----------Config info----------#
2025-01-27 01:50:12 - network: vmunet,
2025-01-27 01:50:12 - model_config: {'num_classes': 5, 'input_channels': 12, 'depths': [2, 2, 2, 2], 'depths_decoder': [2, 2, 2, 1], 'drop_path_rate': 0.2},
2025-01-27 01:50:12 - datasets: omdena,
2025-01-27 01:50:12 - data_path: ./data/omdena/,
2025-01-27 01:50:12 - criterion: BceDiceLoss(
  (bce): BCELoss(
    (bceloss): BCELoss()
  )
  (dice): DiceLoss()
),
2025-01-27 01:50:12 - num_classes: 5,
2025-01-27 01:50:12 - input_size_h: 128,
2025-01-27 01:50:12 - input_size_w: 128,
2025-01-27 01:50:12 - input_channels: 12,
2025-01-27 01:50:12 - distributed: False,
2025-01-27 01:50:12 - local_rank: -1,
2025-01-27 01:50:12 - num_workers: 0,
2025-01-27 01:50:12 - seed: 42,
2025-01-27 01:50:12 - world_size: None,
2025-01-27 01:50:12 - rank: None,
2025-01-27 01:50:12 - amp: False,
2025-01-27 01:50:12 - gpu_id: 0,
2025-01-27 01:50:12 - batch_size: 32,
2025-01-27 01:50:12 - epochs: 3,
2025-01-27 01:50:12 - work_dir: results/vmunet_omdena_Monday_27_January_2025_01h_50m_12s/,
2025-01-27 01:50:12 - print_interval: 20,
2025-01-27 01:50:12 - val_interval: 30,
2025-01-27 01:50:12 - save_interval: 100,
2025-01-27 01:50:12 - threshold: 0.5,
2025-01-27 01:50:12 - train_transformer: Compose(
    <utils.myNormalize object at 0x7fea94b647c0>
    <utils.myToTensor object at 0x7fea8f62e550>
    <utils.myRandomHorizontalFlip object at 0x7fea8f62e580>
    <utils.myRandomVerticalFlip object at 0x7fea8f62e5e0>
    <utils.myRandomRotation object at 0x7fea8d551c10>
    <utils.myResize object at 0x7fea8d551bb0>
),
2025-01-27 01:50:12 - test_transformer: Compose(
    <utils.myNormalize object at 0x7fea8d4be820>
    <utils.myToTensor object at 0x7fea8d4be760>
    <utils.myResize object at 0x7fea8d5286a0>
),
2025-01-27 01:50:12 - opt: AdamW,
2025-01-27 01:50:12 - lr: 0.001,
2025-01-27 01:50:12 - betas: (0.9, 0.999),
2025-01-27 01:50:12 - eps: 1e-08,
2025-01-27 01:50:12 - weight_decay: 0.01,
2025-01-27 01:50:12 - amsgrad: False,
2025-01-27 01:50:12 - sch: CosineAnnealingLR,
2025-01-27 01:50:12 - T_max: 50,
2025-01-27 01:50:12 - eta_min: 1e-05,
2025-01-27 01:50:12 - last_epoch: -1,
2025-01-27 01:50:22 - flops: 64.71548928, params: 350.752037, Total params: : 409.8020
