2025-01-27 15:29:28 - #----------Config info----------#
2025-01-27 15:29:28 - network: vmunet,
2025-01-27 15:29:28 - model_config: {'num_classes': 5, 'input_channels': 12, 'depths': [2, 2, 2, 2], 'depths_decoder': [2, 2, 2, 1], 'drop_path_rate': 0.2},
2025-01-27 15:29:28 - datasets: omdena,
2025-01-27 15:29:28 - data_path: ./data/omdena/,
2025-01-27 15:29:28 - criterion: BceDiceLoss(
  (bce): BCELoss(
    (bceloss): BCELoss()
  )
  (dice): DiceLoss()
),
2025-01-27 15:29:28 - num_classes: 5,
2025-01-27 15:29:28 - input_size_h: 128,
2025-01-27 15:29:28 - input_size_w: 128,
2025-01-27 15:29:28 - input_channels: 12,
2025-01-27 15:29:28 - distributed: False,
2025-01-27 15:29:28 - local_rank: -1,
2025-01-27 15:29:28 - num_workers: 0,
2025-01-27 15:29:28 - seed: 42,
2025-01-27 15:29:28 - world_size: None,
2025-01-27 15:29:28 - rank: None,
2025-01-27 15:29:28 - amp: False,
2025-01-27 15:29:28 - gpu_id: 0,
2025-01-27 15:29:28 - batch_size: 32,
2025-01-27 15:29:28 - epochs: 3,
2025-01-27 15:29:28 - work_dir: results/vmunet_omdena_Monday_27_January_2025_15h_29m_28s/,
2025-01-27 15:29:28 - print_interval: 20,
2025-01-27 15:29:28 - val_interval: 30,
2025-01-27 15:29:28 - save_interval: 100,
2025-01-27 15:29:28 - threshold: 0.5,
2025-01-27 15:29:28 - train_transformer: Compose(
    <utils.myNormalize object at 0x7faa3534fcd0>
    <utils.myToTensor object at 0x7faa3534fd30>
    <utils.myRandomHorizontalFlip object at 0x7faa3534fd90>
    <utils.myRandomVerticalFlip object at 0x7faa300ee6d0>
    <utils.myRandomRotation object at 0x7faa300ee730>
    <utils.myCenterCrop object at 0x7faa30014dc0>
    <utils.myChannelPadding object at 0x7faa30014d00>
    <utils.myResize object at 0x7faa2ffc3100>
),
2025-01-27 15:29:28 - test_transformer: Compose(
    <utils.myNormalize object at 0x7faa2ffc3880>
    <utils.myToTensor object at 0x7faa2ff9a820>
    <utils.myCenterCrop object at 0x7faa2ff9a880>
    <utils.myChannelPadding object at 0x7faa2ff9a8e0>
    <utils.myResize object at 0x7faa2ff9a940>
),
2025-01-27 15:29:28 - opt: AdamW,
2025-01-27 15:29:28 - lr: 0.001,
2025-01-27 15:29:28 - betas: (0.9, 0.999),
2025-01-27 15:29:28 - eps: 1e-08,
2025-01-27 15:29:28 - weight_decay: 0.01,
2025-01-27 15:29:28 - amsgrad: False,
2025-01-27 15:29:28 - sch: CosineAnnealingLR,
2025-01-27 15:29:28 - T_max: 50,
2025-01-27 15:29:28 - eta_min: 1e-05,
2025-01-27 15:29:28 - last_epoch: -1,
2025-01-27 15:29:32 - flops: 4.174774272, params: 22.051661, Total params: : 27.4415
