2025-01-27 12:26:46 - #----------Config info----------#
2025-01-27 12:26:46 - network: vmunet,
2025-01-27 12:26:46 - model_config: {'num_classes': 5, 'input_channels': 12, 'depths': [2, 2, 2, 2], 'depths_decoder': [2, 2, 2, 1], 'drop_path_rate': 0.2},
2025-01-27 12:26:46 - datasets: omdena,
2025-01-27 12:26:46 - data_path: ./data/omdena/,
2025-01-27 12:26:46 - criterion: BceDiceLoss(
  (bce): BCELoss(
    (bceloss): BCELoss()
  )
  (dice): DiceLoss()
),
2025-01-27 12:26:46 - num_classes: 5,
2025-01-27 12:26:46 - input_size_h: 128,
2025-01-27 12:26:46 - input_size_w: 128,
2025-01-27 12:26:46 - input_channels: 12,
2025-01-27 12:26:46 - distributed: False,
2025-01-27 12:26:46 - local_rank: -1,
2025-01-27 12:26:46 - num_workers: 0,
2025-01-27 12:26:46 - seed: 42,
2025-01-27 12:26:46 - world_size: None,
2025-01-27 12:26:46 - rank: None,
2025-01-27 12:26:46 - amp: False,
2025-01-27 12:26:46 - gpu_id: 0,
2025-01-27 12:26:46 - batch_size: 32,
2025-01-27 12:26:46 - epochs: 3,
2025-01-27 12:26:46 - work_dir: results/vmunet_omdena_Monday_27_January_2025_12h_26m_46s/,
2025-01-27 12:26:46 - print_interval: 20,
2025-01-27 12:26:46 - val_interval: 30,
2025-01-27 12:26:46 - save_interval: 100,
2025-01-27 12:26:46 - threshold: 0.5,
2025-01-27 12:26:46 - train_transformer: Compose(
    <utils.myNormalize object at 0x7fa6a2e2e5b0>
    <utils.myCenterCropResize object at 0x7fa6a2e2e610>
    <utils.myToTensor object at 0x7fa6a834f7f0>
    <utils.myRandomHorizontalFlip object at 0x7fa6a834f5b0>
    <utils.myRandomVerticalFlip object at 0x7fa6a0d47be0>
    <utils.myRandomRotation object at 0x7fa6a0d47fa0>
),
2025-01-27 12:26:46 - test_transformer: Compose(
    <utils.myNormalize object at 0x7fa6a0cfb850>
    <utils.myCenterCropResize object at 0x7fa6a0cc06d0>
    <utils.myToTensor object at 0x7fa6a0cc07c0>
),
2025-01-27 12:26:46 - opt: AdamW,
2025-01-27 12:26:46 - lr: 0.001,
2025-01-27 12:26:46 - betas: (0.9, 0.999),
2025-01-27 12:26:46 - eps: 1e-08,
2025-01-27 12:26:46 - weight_decay: 0.01,
2025-01-27 12:26:46 - amsgrad: False,
2025-01-27 12:26:46 - sch: CosineAnnealingLR,
2025-01-27 12:26:46 - T_max: 50,
2025-01-27 12:26:46 - eta_min: 1e-05,
2025-01-27 12:26:46 - last_epoch: -1,
2025-01-27 12:26:50 - flops: 4.174774272, params: 22.051661, Total params: : 27.4415
