2025-01-27 15:45:33 - #----------Config info----------#
2025-01-27 15:45:33 - network: vmunet,
2025-01-27 15:45:33 - model_config: {'num_classes': 5, 'input_channels': 12, 'depths': [2, 2, 2, 2], 'depths_decoder': [2, 2, 2, 1], 'drop_path_rate': 0.2},
2025-01-27 15:45:33 - datasets: omdena,
2025-01-27 15:45:33 - data_path: ./data/omdena/,
2025-01-27 15:45:33 - criterion: BceDiceLoss_n(
  (bce): MultiClassBCELoss(
    (bce_loss): BCEWithLogitsLoss()
  )
  (dice): MultiClassDiceLoss()
),
2025-01-27 15:45:33 - num_classes: 5,
2025-01-27 15:45:33 - input_size_h: 128,
2025-01-27 15:45:33 - input_size_w: 128,
2025-01-27 15:45:33 - input_channels: 12,
2025-01-27 15:45:33 - distributed: False,
2025-01-27 15:45:33 - local_rank: -1,
2025-01-27 15:45:33 - num_workers: 0,
2025-01-27 15:45:33 - seed: 42,
2025-01-27 15:45:33 - world_size: None,
2025-01-27 15:45:33 - rank: None,
2025-01-27 15:45:33 - amp: False,
2025-01-27 15:45:33 - gpu_id: 0,
2025-01-27 15:45:33 - batch_size: 32,
2025-01-27 15:45:33 - epochs: 3,
2025-01-27 15:45:33 - work_dir: results/vmunet_omdena_Monday_27_January_2025_15h_45m_33s/,
2025-01-27 15:45:33 - print_interval: 20,
2025-01-27 15:45:33 - val_interval: 30,
2025-01-27 15:45:33 - save_interval: 100,
2025-01-27 15:45:33 - threshold: 0.5,
2025-01-27 15:45:33 - train_transformer: Compose(
    <utils.myNormalize object at 0x7efefdb649d0>
    <utils.myToTensor object at 0x7efefdb64d90>
    <utils.myRandomHorizontalFlip object at 0x7efefdb64fa0>
    <utils.myRandomVerticalFlip object at 0x7efefdb64f10>
    <utils.myRandomRotation object at 0x7efef88ef9a0>
    <utils.myCenterCrop object at 0x7efef8815dc0>
    <utils.myChannelPadding object at 0x7efef8815f40>
    <utils.myResize object at 0x7efef8815fa0>
),
2025-01-27 15:45:33 - test_transformer: Compose(
    <utils.myNormalize object at 0x7efef87c5340>
    <utils.myToTensor object at 0x7efef87c5c40>
    <utils.myCenterCrop object at 0x7efef87c5b50>
    <utils.myChannelPadding object at 0x7efef8794c10>
    <utils.myResize object at 0x7efef8794ca0>
),
2025-01-27 15:45:33 - opt: AdamW,
2025-01-27 15:45:33 - lr: 0.001,
2025-01-27 15:45:33 - betas: (0.9, 0.999),
2025-01-27 15:45:33 - eps: 1e-08,
2025-01-27 15:45:33 - weight_decay: 0.01,
2025-01-27 15:45:33 - amsgrad: False,
2025-01-27 15:45:33 - sch: CosineAnnealingLR,
2025-01-27 15:45:33 - T_max: 50,
2025-01-27 15:45:33 - eta_min: 1e-05,
2025-01-27 15:45:33 - last_epoch: -1,
2025-01-27 15:45:38 - flops: 4.174774272, params: 22.051661, Total params: : 27.4415
