2025-01-27 12:27:54 - #----------Config info----------#
2025-01-27 12:27:54 - network: vmunet,
2025-01-27 12:27:54 - model_config: {'num_classes': 5, 'input_channels': 12, 'depths': [2, 2, 2, 2], 'depths_decoder': [2, 2, 2, 1], 'drop_path_rate': 0.2},
2025-01-27 12:27:54 - datasets: omdena,
2025-01-27 12:27:54 - data_path: ./data/omdena/,
2025-01-27 12:27:54 - criterion: BceDiceLoss(
  (bce): BCELoss(
    (bceloss): BCELoss()
  )
  (dice): DiceLoss()
),
2025-01-27 12:27:54 - num_classes: 5,
2025-01-27 12:27:54 - input_size_h: 128,
2025-01-27 12:27:54 - input_size_w: 128,
2025-01-27 12:27:54 - input_channels: 12,
2025-01-27 12:27:54 - distributed: False,
2025-01-27 12:27:54 - local_rank: -1,
2025-01-27 12:27:54 - num_workers: 0,
2025-01-27 12:27:54 - seed: 42,
2025-01-27 12:27:54 - world_size: None,
2025-01-27 12:27:54 - rank: None,
2025-01-27 12:27:54 - amp: False,
2025-01-27 12:27:54 - gpu_id: 0,
2025-01-27 12:27:54 - batch_size: 32,
2025-01-27 12:27:54 - epochs: 3,
2025-01-27 12:27:54 - work_dir: results/vmunet_omdena_Monday_27_January_2025_12h_27m_54s/,
2025-01-27 12:27:54 - print_interval: 20,
2025-01-27 12:27:54 - val_interval: 30,
2025-01-27 12:27:54 - save_interval: 100,
2025-01-27 12:27:54 - threshold: 0.5,
2025-01-27 12:27:54 - train_transformer: Compose(
    <utils.myNormalize object at 0x7f2a94b4fb50>
    <utils.myCenterCropResize object at 0x7f2a94b4fb20>
    <utils.myToTensor object at 0x7f2a8f8ed640>
    <utils.myRandomHorizontalFlip object at 0x7f2a8f8ed670>
    <utils.myRandomVerticalFlip object at 0x7f2a8f817c40>
    <utils.myRandomRotation object at 0x7f2a8f817a90>
),
2025-01-27 12:27:54 - test_transformer: Compose(
    <utils.myNormalize object at 0x7f2a8f785790>
    <utils.myCenterCropResize object at 0x7f2a8f7cf700>
    <utils.myToTensor object at 0x7f2a8f7cf7f0>
),
2025-01-27 12:27:54 - opt: AdamW,
2025-01-27 12:27:54 - lr: 0.001,
2025-01-27 12:27:54 - betas: (0.9, 0.999),
2025-01-27 12:27:54 - eps: 1e-08,
2025-01-27 12:27:54 - weight_decay: 0.01,
2025-01-27 12:27:54 - amsgrad: False,
2025-01-27 12:27:54 - sch: CosineAnnealingLR,
2025-01-27 12:27:54 - T_max: 50,
2025-01-27 12:27:54 - eta_min: 1e-05,
2025-01-27 12:27:54 - last_epoch: -1,
2025-01-27 12:28:00 - flops: 4.174774272, params: 22.051661, Total params: : 27.4415
