2025-01-27 11:48:02 - #----------Config info----------#
2025-01-27 11:48:02 - network: vmunet,
2025-01-27 11:48:02 - model_config: {'num_classes': 5, 'input_channels': 12, 'depths': [2, 2, 2, 2], 'depths_decoder': [2, 2, 2, 1], 'drop_path_rate': 0.2},
2025-01-27 11:48:02 - datasets: omdena,
2025-01-27 11:48:02 - data_path: ./data/omdena/,
2025-01-27 11:48:02 - criterion: BceDiceLoss(
  (bce): BCELoss(
    (bceloss): BCELoss()
  )
  (dice): DiceLoss()
),
2025-01-27 11:48:02 - num_classes: 5,
2025-01-27 11:48:02 - input_size_h: 128,
2025-01-27 11:48:02 - input_size_w: 128,
2025-01-27 11:48:02 - input_channels: 12,
2025-01-27 11:48:02 - distributed: False,
2025-01-27 11:48:02 - local_rank: -1,
2025-01-27 11:48:02 - num_workers: 0,
2025-01-27 11:48:02 - seed: 42,
2025-01-27 11:48:02 - world_size: None,
2025-01-27 11:48:02 - rank: None,
2025-01-27 11:48:02 - amp: False,
2025-01-27 11:48:02 - gpu_id: 0,
2025-01-27 11:48:02 - batch_size: 32,
2025-01-27 11:48:02 - epochs: 3,
2025-01-27 11:48:02 - work_dir: results/vmunet_omdena_Monday_27_January_2025_11h_48m_02s/,
2025-01-27 11:48:02 - print_interval: 20,
2025-01-27 11:48:02 - val_interval: 30,
2025-01-27 11:48:02 - save_interval: 100,
2025-01-27 11:48:02 - threshold: 0.5,
2025-01-27 11:48:02 - train_transformer: Compose(
    <utils.myNormalize object at 0x7f8cf9f647f0>
    <utils.myToTensor object at 0x7f8cf22e7580>
    <utils.myRandomHorizontalFlip object at 0x7f8cf22e75b0>
    <utils.myRandomVerticalFlip object at 0x7f8cf22e7610>
    <utils.myRandomRotation object at 0x7f8cf2205c40>
    <utils.myResize object at 0x7f8cf2205be0>
),
2025-01-27 11:48:02 - test_transformer: Compose(
    <utils.myNormalize object at 0x7f8cf2238850>
    <utils.myToTensor object at 0x7f8cf2238790>
    <utils.myResize object at 0x7f8cd68006d0>
),
2025-01-27 11:48:02 - opt: AdamW,
2025-01-27 11:48:02 - lr: 0.001,
2025-01-27 11:48:02 - betas: (0.9, 0.999),
2025-01-27 11:48:02 - eps: 1e-08,
2025-01-27 11:48:02 - weight_decay: 0.01,
2025-01-27 11:48:02 - amsgrad: False,
2025-01-27 11:48:02 - sch: CosineAnnealingLR,
2025-01-27 11:48:02 - T_max: 50,
2025-01-27 11:48:02 - eta_min: 1e-05,
2025-01-27 11:48:02 - last_epoch: -1,
2025-01-27 11:48:07 - flops: 4.174774272, params: 22.051661, Total params: : 27.4415
