2025-01-26 23:21:55 - #----------Config info----------#
2025-01-26 23:21:55 - network: vmunet,
2025-01-26 23:21:55 - model_config: {'num_classes': 5, 'input_channels': 12, 'depths': [2, 2, 2, 2], 'depths_decoder': [2, 2, 2, 1], 'drop_path_rate': 0.2},
2025-01-26 23:21:55 - datasets: omdena,
2025-01-26 23:21:55 - data_path: ./data/omdena/,
2025-01-26 23:21:55 - criterion: BceDiceLoss(
  (bce): BCELoss(
    (bceloss): BCELoss()
  )
  (dice): DiceLoss()
),
2025-01-26 23:21:55 - num_classes: 5,
2025-01-26 23:21:55 - input_size_h: 128,
2025-01-26 23:21:55 - input_size_w: 128,
2025-01-26 23:21:55 - input_channels: 12,
2025-01-26 23:21:55 - distributed: False,
2025-01-26 23:21:55 - local_rank: -1,
2025-01-26 23:21:55 - num_workers: 0,
2025-01-26 23:21:55 - seed: 42,
2025-01-26 23:21:55 - world_size: None,
2025-01-26 23:21:55 - rank: None,
2025-01-26 23:21:55 - amp: False,
2025-01-26 23:21:55 - gpu_id: 0,
2025-01-26 23:21:55 - batch_size: 32,
2025-01-26 23:21:55 - epochs: 3,
2025-01-26 23:21:55 - work_dir: results/vmunet_omdena_Sunday_26_January_2025_23h_21m_55s/,
2025-01-26 23:21:55 - print_interval: 20,
2025-01-26 23:21:55 - val_interval: 30,
2025-01-26 23:21:55 - save_interval: 100,
2025-01-26 23:21:55 - threshold: 0.5,
2025-01-26 23:21:55 - train_transformer: Compose(
    <utils.myNormalize object at 0x7f5536f11a00>
    <utils.myToTensor object at 0x7f5536f11a30>
    <utils.myRandomHorizontalFlip object at 0x7f552f9a6850>
    <utils.myRandomVerticalFlip object at 0x7f552f9a68b0>
    <utils.myRandomRotation object at 0x7f552f9a6910>
    <utils.myResize object at 0x7f552f942ee0>
),
2025-01-26 23:21:55 - test_transformer: Compose(
    <utils.myNormalize object at 0x7f552f959bb0>
    <utils.myToTensor object at 0x7f552f959b20>
    <utils.myResize object at 0x7f552f959a30>
),
2025-01-26 23:21:55 - opt: AdamW,
2025-01-26 23:21:55 - lr: 0.001,
2025-01-26 23:21:55 - betas: (0.9, 0.999),
2025-01-26 23:21:55 - eps: 1e-08,
2025-01-26 23:21:55 - weight_decay: 0.01,
2025-01-26 23:21:55 - amsgrad: False,
2025-01-26 23:21:55 - sch: CosineAnnealingLR,
2025-01-26 23:21:55 - T_max: 50,
2025-01-26 23:21:55 - eta_min: 1e-05,
2025-01-26 23:21:55 - last_epoch: -1,
