2025-01-27 01:36:37 - #----------Config info----------#
2025-01-27 01:36:37 - network: vmunet,
2025-01-27 01:36:37 - model_config: {'num_classes': 5, 'input_channels': 12, 'depths': [2, 2, 2, 2], 'depths_decoder': [2, 2, 2, 1], 'drop_path_rate': 0.2},
2025-01-27 01:36:37 - datasets: omdena,
2025-01-27 01:36:37 - data_path: ./data/omdena/,
2025-01-27 01:36:37 - criterion: BceDiceLoss(
  (bce): BCELoss(
    (bceloss): BCELoss()
  )
  (dice): DiceLoss()
),
2025-01-27 01:36:37 - num_classes: 5,
2025-01-27 01:36:37 - input_size_h: 128,
2025-01-27 01:36:37 - input_size_w: 128,
2025-01-27 01:36:37 - input_channels: 12,
2025-01-27 01:36:37 - distributed: False,
2025-01-27 01:36:37 - local_rank: -1,
2025-01-27 01:36:37 - num_workers: 0,
2025-01-27 01:36:37 - seed: 42,
2025-01-27 01:36:37 - world_size: None,
2025-01-27 01:36:37 - rank: None,
2025-01-27 01:36:37 - amp: False,
2025-01-27 01:36:37 - gpu_id: 0,
2025-01-27 01:36:37 - batch_size: 32,
2025-01-27 01:36:37 - epochs: 3,
2025-01-27 01:36:37 - work_dir: results/vmunet_omdena_Monday_27_January_2025_01h_36m_37s/,
2025-01-27 01:36:37 - print_interval: 20,
2025-01-27 01:36:37 - val_interval: 30,
2025-01-27 01:36:37 - save_interval: 100,
2025-01-27 01:36:37 - threshold: 0.5,
2025-01-27 01:36:37 - train_transformer: Compose(
    <utils.myNormalize object at 0x7f1a7302d5b0>
    <utils.myToTensor object at 0x7f1a7302d610>
    <utils.myRandomHorizontalFlip object at 0x7f1a7302d640>
    <utils.myRandomVerticalFlip object at 0x7f1a78550820>
    <utils.myRandomRotation object at 0x7f1a70f46c40>
    <utils.myResize object at 0x7f1a70f46a60>
),
2025-01-27 01:36:37 - test_transformer: Compose(
    <utils.myNormalize object at 0x7f1a70f78850>
    <utils.myToTensor object at 0x7f1a70f78760>
    <utils.myResize object at 0x7f1a70f15730>
),
2025-01-27 01:36:37 - opt: AdamW,
2025-01-27 01:36:37 - lr: 0.001,
2025-01-27 01:36:37 - betas: (0.9, 0.999),
2025-01-27 01:36:37 - eps: 1e-08,
2025-01-27 01:36:37 - weight_decay: 0.01,
2025-01-27 01:36:37 - amsgrad: False,
2025-01-27 01:36:37 - sch: CosineAnnealingLR,
2025-01-27 01:36:37 - T_max: 50,
2025-01-27 01:36:37 - eta_min: 1e-05,
2025-01-27 01:36:37 - last_epoch: -1,
