2025-01-27 12:31:07 - #----------Config info----------#
2025-01-27 12:31:07 - network: vmunet,
2025-01-27 12:31:07 - model_config: {'num_classes': 5, 'input_channels': 12, 'depths': [2, 2, 2, 2], 'depths_decoder': [2, 2, 2, 1], 'drop_path_rate': 0.2},
2025-01-27 12:31:07 - datasets: omdena,
2025-01-27 12:31:07 - data_path: ./data/omdena/,
2025-01-27 12:31:07 - criterion: BceDiceLoss(
  (bce): BCELoss(
    (bceloss): BCELoss()
  )
  (dice): DiceLoss()
),
2025-01-27 12:31:07 - num_classes: 5,
2025-01-27 12:31:07 - input_size_h: 128,
2025-01-27 12:31:07 - input_size_w: 128,
2025-01-27 12:31:07 - input_channels: 12,
2025-01-27 12:31:07 - distributed: False,
2025-01-27 12:31:07 - local_rank: -1,
2025-01-27 12:31:07 - num_workers: 0,
2025-01-27 12:31:07 - seed: 42,
2025-01-27 12:31:07 - world_size: None,
2025-01-27 12:31:07 - rank: None,
2025-01-27 12:31:07 - amp: False,
2025-01-27 12:31:07 - gpu_id: 0,
2025-01-27 12:31:07 - batch_size: 32,
2025-01-27 12:31:07 - epochs: 3,
2025-01-27 12:31:07 - work_dir: results/vmunet_omdena_Monday_27_January_2025_12h_31m_07s/,
2025-01-27 12:31:07 - print_interval: 20,
2025-01-27 12:31:07 - val_interval: 30,
2025-01-27 12:31:07 - save_interval: 100,
2025-01-27 12:31:07 - threshold: 0.5,
2025-01-27 12:31:07 - train_transformer: Compose(
    <utils.myNormalize object at 0x7fc526b4fb50>
    <utils.myCenterCropResize object at 0x7fc526b4fb20>
    <utils.myToTensor object at 0x7fc5218ee640>
    <utils.myRandomHorizontalFlip object at 0x7fc5218ee670>
    <utils.myRandomVerticalFlip object at 0x7fc521816c40>
    <utils.myRandomRotation object at 0x7fc521816a90>
),
2025-01-27 12:31:07 - test_transformer: Compose(
    <utils.myNormalize object at 0x7fc5217c4790>
    <utils.myCenterCropResize object at 0x7fc52179c700>
    <utils.myToTensor object at 0x7fc52179c7f0>
),
2025-01-27 12:31:07 - opt: AdamW,
2025-01-27 12:31:07 - lr: 0.001,
2025-01-27 12:31:07 - betas: (0.9, 0.999),
2025-01-27 12:31:07 - eps: 1e-08,
2025-01-27 12:31:07 - weight_decay: 0.01,
2025-01-27 12:31:07 - amsgrad: False,
2025-01-27 12:31:07 - sch: CosineAnnealingLR,
2025-01-27 12:31:07 - T_max: 50,
2025-01-27 12:31:07 - eta_min: 1e-05,
2025-01-27 12:31:07 - last_epoch: -1,
2025-01-27 12:31:12 - flops: 4.174774272, params: 22.051661, Total params: : 27.4415
